nohup: ignoring input
Building DAG of jobs...
Using shell: /usr/bin/bash
Provided cores: 15
Rules claiming more threads will be scaled down.
Job stats:
job               count    min threads    max threads
--------------  -------  -------------  -------------
STAR_align            2              3              3
STAR_index            1              3              3
STAR_load             1              3              3
STAR_remove           1              1              1
adapterremoval        2              1              1
align_filter          2              1              1
all                   1              1              1
combine               1              1              1
fastqc_trim           4              1              1
fcount                2              1              1
flagstat              2              1              1
picard                2              1              1
total                21              1              3

Select jobs to execute...

[Tue Apr 19 19:07:06 2022]
Job 1: Adapter removal & quality filtering

[Tue Apr 19 19:07:06 2022]
Job 2: Adapter removal & quality filtering

Trimming paired end reads ...Trimming paired end reads ...

Opening FASTQ file 'data/test_S2_L005_R1_001.fastq.gz', line numbers start at Opening FASTQ file 'data/test_S1_L005_R1_001.fastq.gz1', line numbers start at 
1
Opening FASTQ file 'data/test_S2_L005_R2_001.fastq.gz', line numbers start at 1
Opening FASTQ file 'data/test_S1_L005_R2_001.fastq.gz', line numbers start at 1
Processed a total of 10,000 reads in 0.4s; 23,000 reads per second on average ...
[Tue Apr 19 19:07:07 2022]
Finished job 2.
1 of 21 steps (5%) done
Select jobs to execute...

[Tue Apr 19 19:07:07 2022]
Job 5: Quality assessment, FastQC


[Tue Apr 19 19:07:07 2022]
Job 6: Quality assessment, FastQC

Processed a total of 20,000 reads in 0.9s; 23,000 reads per second on average ...
[Tue Apr 19 19:07:08 2022]
Finished job 1.
2 of 21 steps (10%) done
Select jobs to execute...

[Tue Apr 19 19:07:08 2022]
Job 3: Quality assessment, FastQC


[Tue Apr 19 19:07:08 2022]
Job 4: Quality assessment, FastQC

[Tue Apr 19 19:07:10 2022]
Finished job 6.
3 of 21 steps (14%) done
[Tue Apr 19 19:07:10 2022]
Finished job 5.
4 of 21 steps (19%) done
[Tue Apr 19 19:07:11 2022]
Finished job 3.
5 of 21 steps (24%) done
[Tue Apr 19 19:07:11 2022]
Finished job 4.
6 of 21 steps (29%) done
Select jobs to execute...

[Tue Apr 19 19:07:11 2022]
Job 9: Generating genome index

	STAR --runMode genomeGenerate --genomeDir ref/release106/STARindex --genomeFastaFiles ref/release106/STARref/Homo_sapiens.GRCh38.dna.primary_assembly.fa --sjdbGTFfile ref/release106/STARref/Homo_sapiens.GRCh38.106.gtf --sjdbOverhang 99 --runThreadN 3
	STAR version: 2.7.9a   compiled: 2021-05-04T09:43:56-0400 vega:/home/dobin/data/STAR/STARcode/STAR.master/source
Apr 19 19:08:32 ..... started STAR run
Apr 19 19:08:32 ... starting to generate Genome files
Apr 19 19:09:25 ..... processing annotations GTF
Apr 19 19:09:55 ... starting to sort Suffix Array. This may take a long time...
Apr 19 19:10:12 ... sorting Suffix Array chunks and saving them to disk...
Apr 19 20:19:36 ... loading chunks from disk, packing SA...
Apr 19 20:20:55 ... finished generating suffix array
Apr 19 20:20:55 ... generating Suffix Array index
Apr 19 20:24:39 ... completed Suffix Array index
Apr 19 20:24:40 ..... inserting junctions into the genome indices
Apr 19 20:30:06 ... writing Genome to disk ...
Apr 19 20:30:07 ... writing Suffix Array to disk ...
Apr 19 20:31:31 ... writing SAindex to disk
Apr 19 20:31:38 ..... finished successfully
Touching output file log/benchmark/STAR_index.benchmark.txt.
[Tue Apr 19 20:31:39 2022]
Finished job 9.
7 of 21 steps (33%) done
Select jobs to execute...

[Tue Apr 19 20:31:39 2022]
Job 8: Loading genome index

	STAR --genomeDir ref/release106/STARindex --runThreadN 3 --runRNGseed 8756 --genomeLoad LoadAndExit
	STAR version: 2.7.9a   compiled: 2021-05-04T09:43:56-0400 vega:/home/dobin/data/STAR/STARcode/STAR.master/source
Apr 19 20:31:39 ..... started STAR run
Apr 19 20:31:39 ..... loading genome
Apr 19 20:32:06 ..... started mapping
Apr 19 20:32:06 ..... finished mapping
Apr 19 20:32:06 ..... finished successfully
Touching output file log/benchmark/STAR_load.benchmark.txt.
[Tue Apr 19 20:32:07 2022]
Finished job 8.
8 of 21 steps (38%) done
Select jobs to execute...

[Tue Apr 19 20:32:07 2022]
Job 7: Aligning reads

[Tue Apr 19 20:32:07 2022]
Job 10: Aligning reads

	STAR --genomeDir ref/release106/STARindex --readFilesIn result/1_trim/test_S2_R1_trim.fastq.gz result/1_trim/test_S2_R2_trim.fastq.gz --readFilesCommand zcat --outFileNamePrefix result/2_bam/test_S2_ --outSAMtype BAM SortedByCoordinate --runThreadN 3 --runRNGseed 8756 --genomeLoad LoadAndKeep --limitBAMsortRAM 20000000000
	STAR version: 2.7.9a   compiled: 2021-05-04T09:43:56-0400 vega:/home/dobin/data/STAR/STARcode/STAR.master/source
Apr 19 20:32:07 ..... started STAR run
Apr 19 20:32:07 ..... loading genome
	STAR --genomeDir ref/release106/STARindex --readFilesIn result/1_trim/test_S1_R1_trim.fastq.gz result/1_trim/test_S1_R2_trim.fastq.gz --readFilesCommand zcat --outFileNamePrefix result/2_bam/test_S1_ --outSAMtype BAM SortedByCoordinate --runThreadN 3 --runRNGseed 8756 --genomeLoad LoadAndKeep --limitBAMsortRAM 20000000000
	STAR version: 2.7.9a   compiled: 2021-05-04T09:43:56-0400 vega:/home/dobin/data/STAR/STARcode/STAR.master/source
Apr 19 20:32:07 ..... started STAR run
Apr 19 20:32:07 ..... loading genome
Apr 19 20:32:07 ..... started mapping
Apr 19 20:32:07 ..... started mapping
Apr 19 20:32:08 ..... finished mapping
Apr 19 20:32:09 ..... started sorting BAM
Apr 19 20:32:09 ..... finished successfully
[Tue Apr 19 20:32:09 2022]
Finished job 10.
9 of 21 steps (43%) done
Apr 19 20:32:09 ..... finished mapping
Apr 19 20:32:09 ..... started sorting BAM
Apr 19 20:32:10 ..... finished successfully
[Tue Apr 19 20:32:10 2022]
Finished job 7.
10 of 21 steps (48%) done
Select jobs to execute...

[Tue Apr 19 20:32:10 2022]
Job 12: Removing genome from RAM

	STAR --genomeDir ref/release106/STARindex --runRNGseed 8756 --genomeLoad Remove
	STAR version: 2.7.9a   compiled: 2021-05-04T09:43:56-0400 vega:/home/dobin/data/STAR/STARcode/STAR.master/source
Apr 19 20:32:10 ..... started STAR run
Apr 19 20:32:10 ..... loading genome
Apr 19 20:32:12 ..... started mapping
Apr 19 20:32:12 ..... finished mapping
Apr 19 20:32:12 ..... finished successfully
Touching output file log/benchmark/STAR_remove.benchmark.txt.
[Tue Apr 19 20:32:12 2022]
Finished job 12.
11 of 21 steps (52%) done
Select jobs to execute...

[Tue Apr 19 20:32:12 2022]
Job 13: Filtering alignments

[Tue Apr 19 20:32:12 2022]
Job 11: Filtering alignments

[Tue Apr 19 20:32:12 2022]
Finished job 13.
12 of 21 steps (57%) done
Select jobs to execute...

[Tue Apr 19 20:32:12 2022]
Job 17: Quality control, Picard

[Tue Apr 19 20:32:12 2022]
Job 19: Counting features

[Tue Apr 19 20:32:12 2022]
Job 15: Quality control, flagstat

[Tue Apr 19 20:32:12 2022]
Finished job 11.
13 of 21 steps (62%) done
Select jobs to execute...

[Tue Apr 19 20:32:12 2022]
Job 16: Quality control, Picard

[Tue Apr 19 20:32:12 2022]
Job 18: Counting features

[Tue Apr 19 20:32:12 2022]
Job 14: Quality control, flagstat


        ==========     _____ _    _ ____  _____  ______          _____  
        =====         / ____| |  | |  _ \|  __ \|  ____|   /\   |  __ \ 
          =====      | (___ | |  | | |_) | |__) | |__     /  \  | |  | |
            ====      \___ \| |  | |  _ <|  _  /|  __|   / /\ \ | |  | |
              ====    ____) | |__| | |_) | | \ \| |____ / ____ \| |__| |
        ==========   |_____/ \____/|____/|_|  \_\______/_/    \_\_____/
	  v2.0.1

//========================== featureCounts setting ===========================\\
||                                                                            ||
||             Input files : 1 SAM file                                       ||
||                           o test_S2_Aligned.sortedByCoord.filter.bam       ||
||                                                                            ||
||             Output file : test_S2_feature_counts.tsv                       ||
||                 Summary : test_S2_feature_counts.tsv.summary               ||
||              Annotation : Homo_sapiens.GRCh38.106.gtf (GTF)                ||
||      Dir for temp files : result/4_count                                   ||
||                                                                            ||
||                 Threads : 1                                                ||
||                   Level : meta-feature level                               ||
||              Paired-end : yes                                              ||
||      Multimapping reads : not counted                                      ||
|| Multi-overlapping reads : not counted                                      ||
||   Min overlapping bases : 1                                                ||
||                                                                            ||
||          Chimeric reads : counted                                          ||
||        Both ends mapped : not required                                     ||
||                                                                            ||
\\============================================================================//

//================================= Running ==================================\\
||                                                                            ||
|| Load annotation file Homo_sapiens.GRCh38.106.gtf ...                       ||

        ==========     _____ _    _ ____  _____  ______          _____  
        =====         / ____| |  | |  _ \|  __ \|  ____|   /\   |  __ \ 
          =====      | (___ | |  | | |_) | |__) | |__     /  \  | |  | |
            ====      \___ \| |  | |  _ <|  _  /|  __|   / /\ \ | |  | |
              ====    ____) | |__| | |_) | | \ \| |____ / ____ \| |__| |
        ==========   |_____/ \____/|____/|_|  \_\______/_/    \_\_____/
	  v2.0.1

//========================== featureCounts setting ===========================\\
||                                                                            ||
||             Input files : 1 SAM file                                       ||
||                           o test_S1_Aligned.sortedByCoord.filter.bam       ||
||                                                                            ||
||             Output file : test_S1_feature_counts.tsv                       ||
||                 Summary : test_S1_feature_counts.tsv.summary               ||
||              Annotation : Homo_sapiens.GRCh38.106.gtf (GTF)                ||
||      Dir for temp files : result/4_count                                   ||
||                                                                            ||
||                 Threads : 1                                                ||
||                   Level : meta-feature level                               ||
||              Paired-end : yes                                              ||
||      Multimapping reads : not counted                                      ||
|| Multi-overlapping reads : not counted                                      ||
||   Min overlapping bases : 1                                                ||
||                                                                            ||
||          Chimeric reads : counted                                          ||
||        Both ends mapped : not required                                     ||
||                                                                            ||
\\============================================================================//

//================================= Running ==================================\\
||                                                                            ||
|| Load annotation file Homo_sapiens.GRCh38.106.gtf ...                       ||
  % Total    % Received % Xferd  Average Speed   Time    Time     Time  Current
                                 Dload  Upload   Total   Spent    Left  Speed
  0     0    0     0    0     0      0      0 --:--:-- --:--:-- --:--:--     0  % Total    % Received % Xferd  Average Speed   Time    Time     Time  Current
                                 Dload  Upload   Total   Spent    Left  Speed
  0     0    0     0    0     0      0      0 --:--:-- --:--:-- --:--:--     0[Tue Apr 19 20:32:13 2022]
Finished job 15.
14 of 21 steps (67%) done
[Tue Apr 19 20:32:13 2022]
Finished job 14.
15 of 21 steps (71%) done
  0     0    0     0    0     0      0      0 --:--:-- --:--:-- --:--:--     0  0     0    0     0    0     0      0      0 --:--:-- --:--:-- --:--:--     0  0     0    0     0    0     0      0      0 --:--:--  0:00:01 --:--:--     0  0     0    0     0    0     0      0      0 --:--:--  0:00:01 --:--:--     0  0     0    0     0    0     0      0      0 --:--:--  0:00:02 --:--:--     0  0     0    0     0    0     0      0      0 --:--:--  0:00:02 --:--:--     0100 7854k  100 7854k    0     0  2595k      0  0:00:03  0:00:03 --:--:-- 2596k
100 7854k  100 7854k    0     0  2593k      0  0:00:03  0:00:03 --:--:-- 2593k
gzip: ref/PICARDref/refFlat.txt already exists;	not overwritten
INFO	2022-04-19 20:32:16	CollectRnaSeqMetrics	

********** NOTE: Picard's command line syntax is changing.
**********
********** For more information, please see:
********** https://github.com/broadinstitute/picard/wiki/Command-Line-Syntax-Transition-For-Users-(Pre-Transition)
**********
********** The command line looks like this in the new syntax:
**********
**********    CollectRnaSeqMetrics -REF_FLAT ref/PICARDref/refFlat.ensembl.txt -INPUT result/3_bam_filter/test_S2_Aligned.sortedByCoord.filter.bam -OUTPUT result/qc/4_picard/test_S2_picard.tsv -ASSUME_SORTED true -STRAND_SPECIFICITY NONE -MINIMUM_LENGTH 500 -QUIET true -VERBOSITY ERROR
**********


INFO	2022-04-19 20:32:16	CollectRnaSeqMetrics	

********** NOTE: Picard's command line syntax is changing.
**********
********** For more information, please see:
********** https://github.com/broadinstitute/picard/wiki/Command-Line-Syntax-Transition-For-Users-(Pre-Transition)
**********
********** The command line looks like this in the new syntax:
**********
**********    CollectRnaSeqMetrics -REF_FLAT ref/PICARDref/refFlat.ensembl.txt -INPUT result/3_bam_filter/test_S1_Aligned.sortedByCoord.filter.bam -OUTPUT result/qc/4_picard/test_S1_picard.tsv -ASSUME_SORTED true -STRAND_SPECIFICITY NONE -MINIMUM_LENGTH 500 -QUIET true -VERBOSITY ERROR
**********


20:32:17.110 INFO  NativeLibraryLoader - Loading libgkl_compression.so from jar:file:/home/ec2-user/apps/anaconda/envs/SEAsnake/share/picard-2.26.8-0/picard.jar!/com/intel/gkl/native/libgkl_compression.so
20:32:17.339 INFO  NativeLibraryLoader - Loading libgkl_compression.so from jar:file:/home/ec2-user/apps/anaconda/envs/SEAsnake/share/picard-2.26.8-0/picard.jar!/com/intel/gkl/native/libgkl_compression.so
[Tue Apr 19 20:32:18 2022]
Finished job 17.
16 of 21 steps (76%) done
[Tue Apr 19 20:32:19 2022]
Finished job 16.
17 of 21 steps (81%) done
||    Features : 1572538                                                      ||
||    Features : 1572538                                                      ||
||    Meta-features : 61552                                                   ||
||    Chromosomes/contigs : 47                                                ||
||                                                                            ||
|| Process SAM file test_S2_Aligned.sortedByCoord.filter.bam...               ||
||    Paired-end reads are included.                                          ||
||    Total alignments : 2990                                                 ||
||    Successfully assigned alignments : 2033 (68.0%)                         ||
||    Running time : 0.00 minutes                                             ||
||                                                                            ||
|| Write the final count table.                                               ||
||    Meta-features : 61552                                                   ||
||    Chromosomes/contigs : 47                                                ||
||                                                                            ||
|| Process SAM file test_S1_Aligned.sortedByCoord.filter.bam...               ||
||    Paired-end reads are included.                                          ||
||    Total alignments : 5995                                                 ||
||    Successfully assigned alignments : 4086 (68.2%)                         ||
||    Running time : 0.00 minutes                                             ||
||                                                                            ||
|| Write the final count table.                                               ||
|| Write the read assignment summary.                                         ||
||                                                                            ||
|| Summary of counting results can be found in file "result/4_count/test_S2_  ||
|| feature_counts.tsv.summary"                                                ||
||                                                                            ||
\\============================================================================//

[Tue Apr 19 20:32:21 2022]
Finished job 19.
18 of 21 steps (86%) done
|| Write the read assignment summary.                                         ||
||                                                                            ||
|| Summary of counting results can be found in file "result/4_count/test_S1_  ||
|| feature_counts.tsv.summary"                                                ||
||                                                                            ||
\\============================================================================//

[Tue Apr 19 20:32:21 2022]
Finished job 18.
19 of 21 steps (90%) done
Select jobs to execute...

[Tue Apr 19 20:32:21 2022]
Job 20: Combining samples

result/4_count/test_S2_feature_counts.tsv
result/4_count/test_S1_feature_counts.tsv
result/qc/3_flagstat/test_S2_flagstat.tsv
result/qc/3_flagstat/test_S1_flagstat.tsv
result/qc/4_picard/test_S2_picard.tsv
result/qc/4_picard/test_S1_picard.tsv
[Tue Apr 19 20:32:23 2022]
Finished job 20.
20 of 21 steps (95%) done
Select jobs to execute...

[Tue Apr 19 20:32:23 2022]
localrule all:
    input: result/1_trim/test_S1_R1_trim.fastq.gz, result/1_trim/test_S2_R1_trim.fastq.gz, result/1_trim/test_S1_R2_trim.fastq.gz, result/1_trim/test_S2_R2_trim.fastq.gz, result/qc/2_fastqc_trim/test_S1_R1_trim_fastqc.html, result/qc/2_fastqc_trim/test_S1_R2_trim_fastqc.html, result/qc/2_fastqc_trim/test_S2_R1_trim_fastqc.html, result/qc/2_fastqc_trim/test_S2_R2_trim_fastqc.html, result/qc/2_fastqc_trim/test_S1_R1_trim_fastqc.zip, result/qc/2_fastqc_trim/test_S1_R2_trim_fastqc.zip, result/qc/2_fastqc_trim/test_S2_R1_trim_fastqc.zip, result/qc/2_fastqc_trim/test_S2_R2_trim_fastqc.zip, result/2_bam/test_S1_Aligned.sortedByCoord.out.bam, result/2_bam/test_S2_Aligned.sortedByCoord.out.bam, result/3_bam_filter/test_S1_Aligned.sortedByCoord.filter.bam, result/3_bam_filter/test_S2_Aligned.sortedByCoord.filter.bam, result/qc/3_flagstat/test_S1_flagstat.tsv, result/qc/3_flagstat/test_S2_flagstat.tsv, result/qc/4_picard/test_S1_picard.tsv, result/qc/4_picard/test_S2_picard.tsv, result/4_count/test_S1_feature_counts.tsv, result/4_count/test_S2_feature_counts.tsv, result/5_combined/combined_feature_counts.tsv, result/5_combined/combined_flagstat.tsv, result/5_combined/combined_picard.tsv, log/benchmark/STAR_index.benchmark.txt, log/benchmark/STAR_load.benchmark.txt
    jobid: 0
    resources: tmpdir=/tmp

[Tue Apr 19 20:32:23 2022]
Finished job 0.
21 of 21 steps (100%) done
Complete log: /home/ec2-user/SEAsnake/.snakemake/log/2022-04-19T190706.812366.snakemake.log
